<?xml version="1.0" encoding="UTF-8"?>
<testsuite name="com.triple.mileage.Repository.UserRepositoryTest" tests="1" skipped="0" failures="0" errors="0" timestamp="2022-06-29T12:02:17" hostname="noaui-MacBookPro.local" time="0.012">
  <properties/>
  <testcase name="새로운 유저 등록" classname="com.triple.mileage.Repository.UserRepositoryTest" time="0.012"/>
  <system-out><![CDATA[2022-06-29 21:02:17.250  INFO 2303 --- [    Test worker] .b.t.c.SpringBootTestContextBootstrapper : Neither @ContextConfiguration nor @ContextHierarchy found for test class [com.triple.mileage.Repository.UserRepositoryTest], using SpringBootContextLoader
2022-06-29 21:02:17.251  INFO 2303 --- [    Test worker] o.s.t.c.support.AbstractContextLoader    : Could not detect default resource locations for test class [com.triple.mileage.Repository.UserRepositoryTest]: no resource found for suffixes {-context.xml, Context.groovy}.
2022-06-29 21:02:17.252  INFO 2303 --- [    Test worker] t.c.s.AnnotationConfigContextLoaderUtils : Could not detect default configuration classes for test class [com.triple.mileage.Repository.UserRepositoryTest]: UserRepositoryTest does not declare any static, non-private, non-final, nested classes annotated with @Configuration.
2022-06-29 21:02:17.253  INFO 2303 --- [    Test worker] .b.t.c.SpringBootTestContextBootstrapper : Found @SpringBootConfiguration com.triple.mileage.MileageApplication for test class com.triple.mileage.Repository.UserRepositoryTest
2022-06-29 21:02:17.255  INFO 2303 --- [    Test worker] .b.t.c.SpringBootTestContextBootstrapper : Loaded default TestExecutionListener class names from location [META-INF/spring.factories]: [org.springframework.boot.test.autoconfigure.restdocs.RestDocsTestExecutionListener, org.springframework.boot.test.autoconfigure.web.client.MockRestServiceServerResetTestExecutionListener, org.springframework.boot.test.autoconfigure.web.servlet.MockMvcPrintOnlyOnFailureTestExecutionListener, org.springframework.boot.test.autoconfigure.web.servlet.WebDriverTestExecutionListener, org.springframework.boot.test.autoconfigure.webservices.client.MockWebServiceServerTestExecutionListener, org.springframework.boot.test.mock.mockito.MockitoTestExecutionListener, org.springframework.boot.test.mock.mockito.ResetMocksTestExecutionListener, org.springframework.test.context.web.ServletTestExecutionListener, org.springframework.test.context.support.DirtiesContextBeforeModesTestExecutionListener, org.springframework.test.context.event.ApplicationEventsTestExecutionListener, org.springframework.test.context.support.DependencyInjectionTestExecutionListener, org.springframework.test.context.support.DirtiesContextTestExecutionListener, org.springframework.test.context.transaction.TransactionalTestExecutionListener, org.springframework.test.context.jdbc.SqlScriptsTestExecutionListener, org.springframework.test.context.event.EventPublishingTestExecutionListener]
2022-06-29 21:02:17.255  INFO 2303 --- [    Test worker] .b.t.c.SpringBootTestContextBootstrapper : Using TestExecutionListeners: [org.springframework.test.context.web.ServletTestExecutionListener@4b8c9729, org.springframework.test.context.support.DirtiesContextBeforeModesTestExecutionListener@1ae26c59, org.springframework.test.context.event.ApplicationEventsTestExecutionListener@15ade272, org.springframework.boot.test.mock.mockito.MockitoTestExecutionListener@225890bc, org.springframework.boot.test.autoconfigure.SpringBootDependencyInjectionTestExecutionListener@d426e01, org.springframework.test.context.support.DirtiesContextTestExecutionListener@44b5b54, org.springframework.test.context.transaction.TransactionalTestExecutionListener@7e8f97dd, org.springframework.test.context.jdbc.SqlScriptsTestExecutionListener@183435c0, org.springframework.test.context.event.EventPublishingTestExecutionListener@69862a1, org.springframework.boot.test.autoconfigure.restdocs.RestDocsTestExecutionListener@585718dd, org.springframework.boot.test.autoconfigure.web.client.MockRestServiceServerResetTestExecutionListener@5a644d75, org.springframework.boot.test.autoconfigure.web.servlet.MockMvcPrintOnlyOnFailureTestExecutionListener@6347f9cc, org.springframework.boot.test.autoconfigure.web.servlet.WebDriverTestExecutionListener@268f126f, org.springframework.boot.test.autoconfigure.webservices.client.MockWebServiceServerTestExecutionListener@467e7793, org.springframework.boot.test.mock.mockito.ResetMocksTestExecutionListener@3e8995cc]
Hibernate: 
    /* load com.triple.mileage.domain.User */ select
        user0_.user_id as user_id1_4_1_,
        user0_.point as point2_4_1_,
        pointlogs1_.user_id as user_id5_2_3_,
        pointlogs1_.log_id as log_id1_2_3_,
        pointlogs1_.log_id as log_id1_2_0_,
        pointlogs1_.action as action2_2_0_,
        pointlogs1_.amount as amount3_2_0_,
        pointlogs1_.review_id as review_i4_2_0_,
        pointlogs1_.user_id as user_id5_2_0_ 
    from
        user user0_ 
    left outer join
        point_log pointlogs1_ 
            on user0_.user_id=pointlogs1_.user_id 
    where
        user0_.user_id=?
Hibernate: 
    /* insert com.triple.mileage.domain.User
        */ insert 
        into
            user
            (point, user_id) 
        values
            (?, ?)
]]></system-out>
  <system-err><![CDATA[]]></system-err>
</testsuite>
