<?xml version="1.0" encoding="UTF-8"?>
<testsuite name="com.triple.mileage.LockTest" tests="1" skipped="0" failures="0" errors="0" timestamp="2022-06-29T12:02:16" hostname="noaui-MacBookPro.local" time="0.394">
  <properties/>
  <testcase name="findLock()" classname="com.triple.mileage.LockTest" time="0.394"/>
  <system-out><![CDATA[21:02:09.756 [Test worker] DEBUG org.springframework.test.context.BootstrapUtils - Instantiating CacheAwareContextLoaderDelegate from class [org.springframework.test.context.cache.DefaultCacheAwareContextLoaderDelegate]
21:02:09.765 [Test worker] DEBUG org.springframework.test.context.BootstrapUtils - Instantiating BootstrapContext using constructor [public org.springframework.test.context.support.DefaultBootstrapContext(java.lang.Class,org.springframework.test.context.CacheAwareContextLoaderDelegate)]
21:02:09.813 [Test worker] DEBUG org.springframework.test.context.BootstrapUtils - Instantiating TestContextBootstrapper for test class [com.triple.mileage.LockTest] from class [org.springframework.boot.test.context.SpringBootTestContextBootstrapper]
21:02:09.825 [Test worker] INFO org.springframework.boot.test.context.SpringBootTestContextBootstrapper - Neither @ContextConfiguration nor @ContextHierarchy found for test class [com.triple.mileage.LockTest], using SpringBootContextLoader
21:02:09.828 [Test worker] DEBUG org.springframework.test.context.support.AbstractContextLoader - Did not detect default resource location for test class [com.triple.mileage.LockTest]: class path resource [com/triple/mileage/LockTest-context.xml] does not exist
21:02:09.828 [Test worker] DEBUG org.springframework.test.context.support.AbstractContextLoader - Did not detect default resource location for test class [com.triple.mileage.LockTest]: class path resource [com/triple/mileage/LockTestContext.groovy] does not exist
21:02:09.829 [Test worker] INFO org.springframework.test.context.support.AbstractContextLoader - Could not detect default resource locations for test class [com.triple.mileage.LockTest]: no resource found for suffixes {-context.xml, Context.groovy}.
21:02:09.829 [Test worker] INFO org.springframework.test.context.support.AnnotationConfigContextLoaderUtils - Could not detect default configuration classes for test class [com.triple.mileage.LockTest]: LockTest does not declare any static, non-private, non-final, nested classes annotated with @Configuration.
21:02:09.889 [Test worker] DEBUG org.springframework.test.context.support.ActiveProfilesUtils - Could not find an 'annotation declaring class' for annotation type [org.springframework.test.context.ActiveProfiles] and class [com.triple.mileage.LockTest]
21:02:09.975 [Test worker] DEBUG org.springframework.context.annotation.ClassPathScanningCandidateComponentProvider - Identified candidate component class: file [/Users/noa/Desktop/Spring/mileage/build/classes/java/main/com/triple/mileage/MileageApplication.class]
21:02:09.979 [Test worker] INFO org.springframework.boot.test.context.SpringBootTestContextBootstrapper - Found @SpringBootConfiguration com.triple.mileage.MileageApplication for test class com.triple.mileage.LockTest
21:02:10.070 [Test worker] DEBUG org.springframework.boot.test.context.SpringBootTestContextBootstrapper - @TestExecutionListeners is not present for class [com.triple.mileage.LockTest]: using defaults.
21:02:10.071 [Test worker] INFO org.springframework.boot.test.context.SpringBootTestContextBootstrapper - Loaded default TestExecutionListener class names from location [META-INF/spring.factories]: [org.springframework.boot.test.autoconfigure.restdocs.RestDocsTestExecutionListener, org.springframework.boot.test.autoconfigure.web.client.MockRestServiceServerResetTestExecutionListener, org.springframework.boot.test.autoconfigure.web.servlet.MockMvcPrintOnlyOnFailureTestExecutionListener, org.springframework.boot.test.autoconfigure.web.servlet.WebDriverTestExecutionListener, org.springframework.boot.test.autoconfigure.webservices.client.MockWebServiceServerTestExecutionListener, org.springframework.boot.test.mock.mockito.MockitoTestExecutionListener, org.springframework.boot.test.mock.mockito.ResetMocksTestExecutionListener, org.springframework.test.context.web.ServletTestExecutionListener, org.springframework.test.context.support.DirtiesContextBeforeModesTestExecutionListener, org.springframework.test.context.event.ApplicationEventsTestExecutionListener, org.springframework.test.context.support.DependencyInjectionTestExecutionListener, org.springframework.test.context.support.DirtiesContextTestExecutionListener, org.springframework.test.context.transaction.TransactionalTestExecutionListener, org.springframework.test.context.jdbc.SqlScriptsTestExecutionListener, org.springframework.test.context.event.EventPublishingTestExecutionListener]
21:02:10.083 [Test worker] INFO org.springframework.boot.test.context.SpringBootTestContextBootstrapper - Using TestExecutionListeners: [org.springframework.test.context.web.ServletTestExecutionListener@30f5a68a, org.springframework.test.context.support.DirtiesContextBeforeModesTestExecutionListener@1e1d3956, org.springframework.test.context.event.ApplicationEventsTestExecutionListener@4f2c9ba6, org.springframework.boot.test.mock.mockito.MockitoTestExecutionListener@4e28bdd1, org.springframework.boot.test.autoconfigure.SpringBootDependencyInjectionTestExecutionListener@53f48368, org.springframework.test.context.support.DirtiesContextTestExecutionListener@24d4d7c9, org.springframework.test.context.transaction.TransactionalTestExecutionListener@f0e995e, org.springframework.test.context.jdbc.SqlScriptsTestExecutionListener@4c37b5b, org.springframework.test.context.event.EventPublishingTestExecutionListener@73db4768, org.springframework.boot.test.autoconfigure.restdocs.RestDocsTestExecutionListener@71b3bc45, org.springframework.boot.test.autoconfigure.web.client.MockRestServiceServerResetTestExecutionListener@a8c1f44, org.springframework.boot.test.autoconfigure.web.servlet.MockMvcPrintOnlyOnFailureTestExecutionListener@150ab4ed, org.springframework.boot.test.autoconfigure.web.servlet.WebDriverTestExecutionListener@3c435123, org.springframework.boot.test.autoconfigure.webservices.client.MockWebServiceServerTestExecutionListener@50fe837a, org.springframework.boot.test.mock.mockito.ResetMocksTestExecutionListener@3a62c01e]
21:02:10.086 [Test worker] DEBUG org.springframework.test.context.support.AbstractDirtiesContextTestExecutionListener - Before test class: context [DefaultTestContext@30990c1b testClass = LockTest, testInstance = [null], testMethod = [null], testException = [null], mergedContextConfiguration = [WebMergedContextConfiguration@2453f95d testClass = LockTest, locations = '{}', classes = '{class com.triple.mileage.MileageApplication}', contextInitializerClasses = '[]', activeProfiles = '{}', propertySourceLocations = '{}', propertySourceProperties = '{org.springframework.boot.test.context.SpringBootTestContextBootstrapper=true}', contextCustomizers = set[org.springframework.boot.test.autoconfigure.actuate.metrics.MetricsExportContextCustomizerFactory$DisableMetricExportContextCustomizer@1fa1cab1, org.springframework.boot.test.autoconfigure.properties.PropertyMappingContextCustomizer@0, org.springframework.boot.test.autoconfigure.web.servlet.WebDriverContextCustomizerFactory$Customizer@146dfe6, org.springframework.boot.test.context.filter.ExcludeFilterContextCustomizer@6af9fcb2, org.springframework.boot.test.json.DuplicateJsonObjectContextCustomizerFactory$DuplicateJsonObjectContextCustomizer@1046d517, org.springframework.boot.test.mock.mockito.MockitoContextCustomizer@0, org.springframework.boot.test.web.client.TestRestTemplateContextCustomizer@61fe30, org.springframework.boot.test.context.SpringBootTestArgs@1, org.springframework.boot.test.context.SpringBootTestWebEnvironment@7a675056], resourceBasePath = 'src/main/webapp', contextLoader = 'org.springframework.boot.test.context.SpringBootContextLoader', parent = [null]], attributes = map['org.springframework.test.context.web.ServletTestExecutionListener.activateListener' -> true]], class annotated with @DirtiesContext [false] with mode [null].

  .   ____          _            __ _ _
 /\\ / ___'_ __ _ _(_)_ __  __ _ \ \ \ \
( ( )\___ | '_ | '_| | '_ \/ _` | \ \ \ \
 \\/  ___)| |_)| | | | | || (_| |  ) ) ) )
  '  |____| .__|_| |_|_| |_\__, | / / / /
 =========|_|==============|___/=/_/_/_/
 :: Spring Boot ::                (v2.7.1)

2022-06-29 21:02:10.544  INFO 2303 --- [    Test worker] com.triple.mileage.LockTest              : Starting LockTest using Java 17.0.2 on noaui-MacBookPro.local with PID 2303 (started by noa in /Users/noa/Desktop/Spring/mileage)
2022-06-29 21:02:10.550  INFO 2303 --- [    Test worker] com.triple.mileage.LockTest              : No active profile set, falling back to 1 default profile: "default"
2022-06-29 21:02:11.618  INFO 2303 --- [    Test worker] .s.d.r.c.RepositoryConfigurationDelegate : Bootstrapping Spring Data JPA repositories in DEFAULT mode.
2022-06-29 21:02:11.757  INFO 2303 --- [    Test worker] .s.d.r.c.RepositoryConfigurationDelegate : Finished Spring Data repository scanning in 127 ms. Found 5 JPA repository interfaces.
2022-06-29 21:02:12.806  INFO 2303 --- [    Test worker] o.hibernate.jpa.internal.util.LogHelper  : HHH000204: Processing PersistenceUnitInfo [name: default]
2022-06-29 21:02:12.845  INFO 2303 --- [    Test worker] org.hibernate.Version                    : HHH000412: Hibernate ORM core version 5.6.9.Final
2022-06-29 21:02:13.002  INFO 2303 --- [    Test worker] o.hibernate.annotations.common.Version   : HCANN000001: Hibernate Commons Annotations {5.1.2.Final}
2022-06-29 21:02:13.084  INFO 2303 --- [    Test worker] com.zaxxer.hikari.HikariDataSource       : HikariPool-1 - Starting...
2022-06-29 21:02:13.315  INFO 2303 --- [    Test worker] com.zaxxer.hikari.HikariDataSource       : HikariPool-1 - Start completed.
2022-06-29 21:02:13.329  INFO 2303 --- [    Test worker] org.hibernate.dialect.Dialect            : HHH000400: Using dialect: org.hibernate.dialect.MySQL5InnoDBDialect
Hibernate: 
    
    alter table link_photo 
       drop 
       foreign key FK522o5rietn8cqh6sr1rbwrfc7
Hibernate: 
    
    alter table point_log 
       drop 
       foreign key FKiwxuemytacp89p9qppgaj84y6
Hibernate: 
    
    drop table if exists link_photo
Hibernate: 
    
    drop table if exists place
Hibernate: 
    
    drop table if exists point_log
Hibernate: 
    
    drop table if exists review
Hibernate: 
    
    drop table if exists user
Hibernate: 
    
    create table link_photo (
       link_id bigint not null auto_increment,
        photo_id varchar(255) not null,
        review_id varchar(255),
        primary key (link_id)
    ) engine=InnoDB
Hibernate: 
    
    create table place (
       place_id varchar(255) not null,
        review_cnt bigint not null,
        primary key (place_id)
    ) engine=InnoDB
Hibernate: 
    
    create table point_log (
       log_id bigint not null auto_increment,
        action varchar(255) not null,
        amount bigint not null,
        review_id varchar(255) not null,
        user_id varchar(255),
        primary key (log_id)
    ) engine=InnoDB
Hibernate: 
    
    create table review (
       review_id varchar(255) not null,
        content varchar(255) not null,
        is_first_at_place bit not null,
        place_id varchar(255) not null,
        user_id varchar(255) not null,
        primary key (review_id)
    ) engine=InnoDB
Hibernate: 
    
    create table user (
       user_id varchar(255) not null,
        point bigint not null,
        primary key (user_id)
    ) engine=InnoDB
Hibernate: create index pointLogIdx on point_log (user_id)
Hibernate: create index reviewIdx on review (place_id, user_id)
Hibernate: 
    
    alter table link_photo 
       add constraint FK522o5rietn8cqh6sr1rbwrfc7 
       foreign key (review_id) 
       references review (review_id)
Hibernate: 
    
    alter table point_log 
       add constraint FKiwxuemytacp89p9qppgaj84y6 
       foreign key (user_id) 
       references user (user_id) 
       on delete cascade
2022-06-29 21:02:14.070  INFO 2303 --- [    Test worker] o.h.e.t.j.p.i.JtaPlatformInitiator       : HHH000490: Using JtaPlatform implementation: [org.hibernate.engine.transaction.jta.platform.internal.NoJtaPlatform]
2022-06-29 21:02:14.081  INFO 2303 --- [    Test worker] j.LocalContainerEntityManagerFactoryBean : Initialized JPA EntityManagerFactory for persistence unit 'default'
2022-06-29 21:02:15.513  WARN 2303 --- [    Test worker] JpaBaseConfiguration$JpaWebConfiguration : spring.jpa.open-in-view is enabled by default. Therefore, database queries may be performed during view rendering. Explicitly configure spring.jpa.open-in-view to disable this warning
2022-06-29 21:02:16.571  INFO 2303 --- [    Test worker] com.triple.mileage.LockTest              : Started LockTest in 6.434 seconds (JVM running for 7.863)
2022-06-29 21:02:16.621  INFO 2303 --- [    Test worker] o.s.t.c.transaction.TransactionContext   : Began transaction (1) for test context [DefaultTestContext@30990c1b testClass = LockTest, testInstance = com.triple.mileage.LockTest@6530a1de, testMethod = findLock@LockTest, testException = [null], mergedContextConfiguration = [WebMergedContextConfiguration@2453f95d testClass = LockTest, locations = '{}', classes = '{class com.triple.mileage.MileageApplication}', contextInitializerClasses = '[]', activeProfiles = '{}', propertySourceLocations = '{}', propertySourceProperties = '{org.springframework.boot.test.context.SpringBootTestContextBootstrapper=true}', contextCustomizers = set[org.springframework.boot.test.autoconfigure.actuate.metrics.MetricsExportContextCustomizerFactory$DisableMetricExportContextCustomizer@1fa1cab1, org.springframework.boot.test.autoconfigure.properties.PropertyMappingContextCustomizer@0, org.springframework.boot.test.autoconfigure.web.servlet.WebDriverContextCustomizerFactory$Customizer@146dfe6, org.springframework.boot.test.context.filter.ExcludeFilterContextCustomizer@6af9fcb2, org.springframework.boot.test.json.DuplicateJsonObjectContextCustomizerFactory$DuplicateJsonObjectContextCustomizer@1046d517, org.springframework.boot.test.mock.mockito.MockitoContextCustomizer@0, org.springframework.boot.test.web.client.TestRestTemplateContextCustomizer@61fe30, org.springframework.boot.test.context.SpringBootTestArgs@1, org.springframework.boot.test.context.SpringBootTestWebEnvironment@7a675056], resourceBasePath = 'src/main/webapp', contextLoader = 'org.springframework.boot.test.context.SpringBootContextLoader', parent = [null]], attributes = map['org.springframework.test.context.web.ServletTestExecutionListener.activateListener' -> true, 'org.springframework.test.context.web.ServletTestExecutionListener.populatedRequestContextHolder' -> true, 'org.springframework.test.context.web.ServletTestExecutionListener.resetRequestContextHolder' -> true, 'org.springframework.test.context.event.ApplicationEventsTestExecutionListener.recordApplicationEvents' -> false]]; transaction manager [org.springframework.orm.jpa.JpaTransactionManager@1d126f07]; rollback [true]
Hibernate: 
    /* load com.triple.mileage.domain.Place */ select
        place0_.place_id as place_id1_1_0_,
        place0_.review_cnt as review_c2_1_0_ 
    from
        place place0_ 
    where
        place0_.place_id=?
Hibernate: 
    /* insert com.triple.mileage.domain.Place
        */ insert 
        into
            place
            (review_cnt, place_id) 
        values
            (?, ?)
Hibernate: 
    /* select
        p 
    from
        Place p 
    where
        p.placeId = :placeId */ select
            place0_.place_id as place_id1_1_,
            place0_.review_cnt as review_c2_1_ 
        from
            place place0_ 
        where
            place0_.place_id=? for update
                
Hibernate: 
    /* select
        p 
    from
        Place p 
    where
        p.placeId = :placeId */ select
            place0_.place_id as place_id1_1_,
            place0_.review_cnt as review_c2_1_ 
        from
            place place0_ 
        where
            place0_.place_id=? for update
                
Hibernate: 
    /* update
        com.triple.mileage.domain.Place */ update
            place 
        set
            review_cnt=? 
        where
            place_id=?
Hibernate: 
    /* select
        p 
    from
        Place p 
    where
        p.placeId = :placeId */ select
            place0_.place_id as place_id1_1_,
            place0_.review_cnt as review_c2_1_ 
        from
            place place0_ 
        where
            place0_.place_id=? for update
                
2
2022-06-29 21:02:16.997  INFO 2303 --- [    Test worker] o.s.t.c.transaction.TransactionContext   : Rolled back transaction for test: [DefaultTestContext@30990c1b testClass = LockTest, testInstance = com.triple.mileage.LockTest@6530a1de, testMethod = findLock@LockTest, testException = [null], mergedContextConfiguration = [WebMergedContextConfiguration@2453f95d testClass = LockTest, locations = '{}', classes = '{class com.triple.mileage.MileageApplication}', contextInitializerClasses = '[]', activeProfiles = '{}', propertySourceLocations = '{}', propertySourceProperties = '{org.springframework.boot.test.context.SpringBootTestContextBootstrapper=true}', contextCustomizers = set[org.springframework.boot.test.autoconfigure.actuate.metrics.MetricsExportContextCustomizerFactory$DisableMetricExportContextCustomizer@1fa1cab1, org.springframework.boot.test.autoconfigure.properties.PropertyMappingContextCustomizer@0, org.springframework.boot.test.autoconfigure.web.servlet.WebDriverContextCustomizerFactory$Customizer@146dfe6, org.springframework.boot.test.context.filter.ExcludeFilterContextCustomizer@6af9fcb2, org.springframework.boot.test.json.DuplicateJsonObjectContextCustomizerFactory$DuplicateJsonObjectContextCustomizer@1046d517, org.springframework.boot.test.mock.mockito.MockitoContextCustomizer@0, org.springframework.boot.test.web.client.TestRestTemplateContextCustomizer@61fe30, org.springframework.boot.test.context.SpringBootTestArgs@1, org.springframework.boot.test.context.SpringBootTestWebEnvironment@7a675056], resourceBasePath = 'src/main/webapp', contextLoader = 'org.springframework.boot.test.context.SpringBootContextLoader', parent = [null]], attributes = map['org.springframework.test.context.web.ServletTestExecutionListener.activateListener' -> true, 'org.springframework.test.context.web.ServletTestExecutionListener.populatedRequestContextHolder' -> true, 'org.springframework.test.context.web.ServletTestExecutionListener.resetRequestContextHolder' -> true, 'org.springframework.test.context.event.ApplicationEventsTestExecutionListener.recordApplicationEvents' -> false]]
]]></system-out>
  <system-err><![CDATA[]]></system-err>
</testsuite>
