<?xml version="1.0" encoding="UTF-8"?>
<testsuite name="com.triple.mileage.MileageApplicationTests" tests="1" skipped="0" failures="0" errors="0" timestamp="2022-06-29T12:02:17" hostname="noaui-MacBookPro.local" time="0.01">
  <properties/>
  <testcase name="contextLoads()" classname="com.triple.mileage.MileageApplicationTests" time="0.01"/>
  <system-out><![CDATA[2022-06-29 21:02:17.011  INFO 2303 --- [    Test worker] .b.t.c.SpringBootTestContextBootstrapper : Neither @ContextConfiguration nor @ContextHierarchy found for test class [com.triple.mileage.MileageApplicationTests], using SpringBootContextLoader
2022-06-29 21:02:17.015  INFO 2303 --- [    Test worker] o.s.t.c.support.AbstractContextLoader    : Could not detect default resource locations for test class [com.triple.mileage.MileageApplicationTests]: no resource found for suffixes {-context.xml, Context.groovy}.
2022-06-29 21:02:17.015  INFO 2303 --- [    Test worker] t.c.s.AnnotationConfigContextLoaderUtils : Could not detect default configuration classes for test class [com.triple.mileage.MileageApplicationTests]: MileageApplicationTests does not declare any static, non-private, non-final, nested classes annotated with @Configuration.
2022-06-29 21:02:17.021  INFO 2303 --- [    Test worker] .b.t.c.SpringBootTestContextBootstrapper : Found @SpringBootConfiguration com.triple.mileage.MileageApplication for test class com.triple.mileage.MileageApplicationTests
2022-06-29 21:02:17.027  INFO 2303 --- [    Test worker] .b.t.c.SpringBootTestContextBootstrapper : Loaded default TestExecutionListener class names from location [META-INF/spring.factories]: [org.springframework.boot.test.autoconfigure.restdocs.RestDocsTestExecutionListener, org.springframework.boot.test.autoconfigure.web.client.MockRestServiceServerResetTestExecutionListener, org.springframework.boot.test.autoconfigure.web.servlet.MockMvcPrintOnlyOnFailureTestExecutionListener, org.springframework.boot.test.autoconfigure.web.servlet.WebDriverTestExecutionListener, org.springframework.boot.test.autoconfigure.webservices.client.MockWebServiceServerTestExecutionListener, org.springframework.boot.test.mock.mockito.MockitoTestExecutionListener, org.springframework.boot.test.mock.mockito.ResetMocksTestExecutionListener, org.springframework.test.context.web.ServletTestExecutionListener, org.springframework.test.context.support.DirtiesContextBeforeModesTestExecutionListener, org.springframework.test.context.event.ApplicationEventsTestExecutionListener, org.springframework.test.context.support.DependencyInjectionTestExecutionListener, org.springframework.test.context.support.DirtiesContextTestExecutionListener, org.springframework.test.context.transaction.TransactionalTestExecutionListener, org.springframework.test.context.jdbc.SqlScriptsTestExecutionListener, org.springframework.test.context.event.EventPublishingTestExecutionListener]
2022-06-29 21:02:17.027  INFO 2303 --- [    Test worker] .b.t.c.SpringBootTestContextBootstrapper : Using TestExecutionListeners: [org.springframework.test.context.web.ServletTestExecutionListener@1e284d90, org.springframework.test.context.support.DirtiesContextBeforeModesTestExecutionListener@61c11339, org.springframework.test.context.event.ApplicationEventsTestExecutionListener@31ecd003, org.springframework.boot.test.mock.mockito.MockitoTestExecutionListener@5d3d5242, org.springframework.boot.test.autoconfigure.SpringBootDependencyInjectionTestExecutionListener@1a5c0b8, org.springframework.test.context.support.DirtiesContextTestExecutionListener@6894436e, org.springframework.test.context.transaction.TransactionalTestExecutionListener@3f2feab7, org.springframework.test.context.jdbc.SqlScriptsTestExecutionListener@8b71052, org.springframework.test.context.event.EventPublishingTestExecutionListener@2738a1fc, org.springframework.boot.test.autoconfigure.restdocs.RestDocsTestExecutionListener@6d7d0946, org.springframework.boot.test.autoconfigure.web.client.MockRestServiceServerResetTestExecutionListener@2dc72c0c, org.springframework.boot.test.autoconfigure.web.servlet.MockMvcPrintOnlyOnFailureTestExecutionListener@1dc28c66, org.springframework.boot.test.autoconfigure.web.servlet.WebDriverTestExecutionListener@7f97e963, org.springframework.boot.test.autoconfigure.webservices.client.MockWebServiceServerTestExecutionListener@7a25f8ee, org.springframework.boot.test.mock.mockito.ResetMocksTestExecutionListener@6e161cea]
]]></system-out>
  <system-err><![CDATA[]]></system-err>
</testsuite>
