<?xml version="1.0" encoding="UTF-8"?>
<testsuite name="com.triple.mileage.service.PlaceServiceTest" tests="1" skipped="0" failures="0" errors="0" timestamp="2022-06-29T12:02:17" hostname="noaui-MacBookPro.local" time="0.01">
  <properties/>
  <testcase name="addPlace()" classname="com.triple.mileage.service.PlaceServiceTest" time="0.01"/>
  <system-out><![CDATA[2022-06-29 21:02:17.275  INFO 2303 --- [    Test worker] .b.t.c.SpringBootTestContextBootstrapper : Neither @ContextConfiguration nor @ContextHierarchy found for test class [com.triple.mileage.service.PlaceServiceTest], using SpringBootContextLoader
2022-06-29 21:02:17.276  INFO 2303 --- [    Test worker] o.s.t.c.support.AbstractContextLoader    : Could not detect default resource locations for test class [com.triple.mileage.service.PlaceServiceTest]: no resource found for suffixes {-context.xml, Context.groovy}.
2022-06-29 21:02:17.276  INFO 2303 --- [    Test worker] t.c.s.AnnotationConfigContextLoaderUtils : Could not detect default configuration classes for test class [com.triple.mileage.service.PlaceServiceTest]: PlaceServiceTest does not declare any static, non-private, non-final, nested classes annotated with @Configuration.
2022-06-29 21:02:17.294  INFO 2303 --- [    Test worker] .b.t.c.SpringBootTestContextBootstrapper : Found @SpringBootConfiguration com.triple.mileage.MileageApplication for test class com.triple.mileage.service.PlaceServiceTest
2022-06-29 21:02:17.296  INFO 2303 --- [    Test worker] .b.t.c.SpringBootTestContextBootstrapper : Loaded default TestExecutionListener class names from location [META-INF/spring.factories]: [org.springframework.boot.test.autoconfigure.restdocs.RestDocsTestExecutionListener, org.springframework.boot.test.autoconfigure.web.client.MockRestServiceServerResetTestExecutionListener, org.springframework.boot.test.autoconfigure.web.servlet.MockMvcPrintOnlyOnFailureTestExecutionListener, org.springframework.boot.test.autoconfigure.web.servlet.WebDriverTestExecutionListener, org.springframework.boot.test.autoconfigure.webservices.client.MockWebServiceServerTestExecutionListener, org.springframework.boot.test.mock.mockito.MockitoTestExecutionListener, org.springframework.boot.test.mock.mockito.ResetMocksTestExecutionListener, org.springframework.test.context.web.ServletTestExecutionListener, org.springframework.test.context.support.DirtiesContextBeforeModesTestExecutionListener, org.springframework.test.context.event.ApplicationEventsTestExecutionListener, org.springframework.test.context.support.DependencyInjectionTestExecutionListener, org.springframework.test.context.support.DirtiesContextTestExecutionListener, org.springframework.test.context.transaction.TransactionalTestExecutionListener, org.springframework.test.context.jdbc.SqlScriptsTestExecutionListener, org.springframework.test.context.event.EventPublishingTestExecutionListener]
2022-06-29 21:02:17.296  INFO 2303 --- [    Test worker] .b.t.c.SpringBootTestContextBootstrapper : Using TestExecutionListeners: [org.springframework.test.context.web.ServletTestExecutionListener@3749c6ac, org.springframework.test.context.support.DirtiesContextBeforeModesTestExecutionListener@9cdf13e, org.springframework.test.context.event.ApplicationEventsTestExecutionListener@3bede349, org.springframework.boot.test.mock.mockito.MockitoTestExecutionListener@501956f9, org.springframework.boot.test.autoconfigure.SpringBootDependencyInjectionTestExecutionListener@299c86f0, org.springframework.test.context.support.DirtiesContextTestExecutionListener@4fbed6fc, org.springframework.test.context.transaction.TransactionalTestExecutionListener@1b1d93e9, org.springframework.test.context.jdbc.SqlScriptsTestExecutionListener@129b0ed, org.springframework.test.context.event.EventPublishingTestExecutionListener@4ccf1d3e, org.springframework.boot.test.autoconfigure.restdocs.RestDocsTestExecutionListener@75ff2b6d, org.springframework.boot.test.autoconfigure.web.client.MockRestServiceServerResetTestExecutionListener@20a7ce0, org.springframework.boot.test.autoconfigure.web.servlet.MockMvcPrintOnlyOnFailureTestExecutionListener@4ee80a94, org.springframework.boot.test.autoconfigure.web.servlet.WebDriverTestExecutionListener@7afac89a, org.springframework.boot.test.autoconfigure.webservices.client.MockWebServiceServerTestExecutionListener@76d220eb, org.springframework.boot.test.mock.mockito.ResetMocksTestExecutionListener@276eafad]
Hibernate: 
    /* load com.triple.mileage.domain.Place */ select
        place0_.place_id as place_id1_1_0_,
        place0_.review_cnt as review_c2_1_0_ 
    from
        place place0_ 
    where
        place0_.place_id=?
Hibernate: 
    /* insert com.triple.mileage.domain.Place
        */ insert 
        into
            place
            (review_cnt, place_id) 
        values
            (?, ?)
]]></system-out>
  <system-err><![CDATA[]]></system-err>
</testsuite>
